2014-11-15 06:34:40 Debug: Notice (8): Undefined variable: totalHelpinghand in [D:\wamp\www\sevarath\app\Controller\HelpingHandsController.php, line 28]
Trace:
HelpingHandsController::index() - APP\Controller\HelpingHandsController.php, line 28
ReflectionMethod::invokeArgs() - [internal], line ??
Controller::invokeAction() - CORE\Cake\Controller\Controller.php, line 490
Dispatcher::_invoke() - CORE\Cake\Routing\Dispatcher.php, line 187
Dispatcher::dispatch() - CORE\Cake\Routing\Dispatcher.php, line 162
[main] - APP\webroot\index.php, line 110

2014-11-15 06:42:43 Debug: Notice (8): Undefined index:  HelpinghandCategory in [D:\wamp\www\sevarath\app\Controller\HelpingHandsController.php, line 18]
Trace:
HelpingHandsController::index() - APP\Controller\HelpingHandsController.php, line 18
ReflectionMethod::invokeArgs() - [internal], line ??
Controller::invokeAction() - CORE\Cake\Controller\Controller.php, line 490
Dispatcher::_invoke() - CORE\Cake\Routing\Dispatcher.php, line 187
Dispatcher::dispatch() - CORE\Cake\Routing\Dispatcher.php, line 162
[main] - APP\webroot\index.php, line 110

2014-11-15 06:49:40 Debug: Notice (8): Undefined variable: helpinghaed_data in [D:\wamp\www\sevarath\app\Controller\HelpingHandsController.php, line 27]
Trace:
HelpingHandsController::index() - APP\Controller\HelpingHandsController.php, line 27
ReflectionMethod::invokeArgs() - [internal], line ??
Controller::invokeAction() - CORE\Cake\Controller\Controller.php, line 490
Dispatcher::_invoke() - CORE\Cake\Routing\Dispatcher.php, line 187
Dispatcher::dispatch() - CORE\Cake\Routing\Dispatcher.php, line 162
[main] - APP\webroot\index.php, line 110

